<?xml version="1.0" encoding="UTF-8"?>
<!-- Generated by org.testng.reporters.JUnitReportReporter -->
<testsuite skipped="0" hostname="LAPTOP-3ENSCB45" name="ebay.Ebay" tests="1" failures="0" timestamp="09 Jan 2025 06:52:27 GMT" time="42.654" errors="0">
  <testcase name="testEbay" time="42.654" classname="ebay.Ebay"/>
</testsuite> <!-- ebay.Ebay -->
